<?xml version="1.0" encoding="UTF-8"?>
<testng-results skipped="0" failed="0" ignored="0" total="0" passed="0">
  <reporter-output>
  </reporter-output>
  <suite name="RunTest" duration-ms="309" started-at="2017-11-24T05:46:27Z" finished-at="2017-11-24T05:46:28Z">
    <groups>
      <group name="cucumber">
        <method signature="AbstractTestNGCucumberTests.feature(cucumber.api.testng.CucumberFeatureWrapper)[pri:0, instance:RunTest@77b52d12]" name="feature" class="cucumber.api.testng.AbstractTestNGCucumberTests"/>
      </group> <!-- cucumber -->
    </groups>
    <test name="Command line test" duration-ms="309" started-at="2017-11-24T05:46:27Z" finished-at="2017-11-24T05:46:28Z">
      <class name="RunTest">
        <test-method status="PASS" signature="setUpClass()[pri:0, instance:RunTest@77b52d12]" name="setUpClass" is-config="true" duration-ms="219" started-at="2017-11-24T13:46:27Z" finished-at="2017-11-24T13:46:27Z">
          <reporter-output>
          </reporter-output>
        </test-method> <!-- setUpClass -->
        <test-method status="PASS" signature="tearDownClass()[pri:0, instance:RunTest@77b52d12]" name="tearDownClass" is-config="true" duration-ms="74" started-at="2017-11-24T13:46:27Z" finished-at="2017-11-24T13:46:28Z">
          <reporter-output>
          </reporter-output>
        </test-method> <!-- tearDownClass -->
      </class> <!-- RunTest -->
    </test> <!-- Command line test -->
  </suite> <!-- RunTest -->
</testng-results>
